
Circuit 1 cell sky130_fd_pr__pfet_01v8 and Circuit 2 cell sky130_fd_pr__pfet_01v8 are black boxes.
Warning: Equate pins:  cell sky130_fd_pr__pfet_01v8 is a placeholder, treated as a black box.
Warning: Equate pins:  cell sky130_fd_pr__pfet_01v8 is a placeholder, treated as a black box.

Subcircuit pins:
Circuit 1: sky130_fd_pr__pfet_01v8         |Circuit 2: sky130_fd_pr__pfet_01v8         
-------------------------------------------|-------------------------------------------
1                                          |1                                          
2                                          |2                                          
3                                          |3                                          
4                                          |4                                          
---------------------------------------------------------------------------------------
Cell pin lists are equivalent.
Device classes sky130_fd_pr__pfet_01v8 and sky130_fd_pr__pfet_01v8 are equivalent.

Circuit 1 cell sky130_fd_pr__nfet_01v8 and Circuit 2 cell sky130_fd_pr__nfet_01v8 are black boxes.
Warning: Equate pins:  cell sky130_fd_pr__nfet_01v8 is a placeholder, treated as a black box.
Warning: Equate pins:  cell sky130_fd_pr__nfet_01v8 is a placeholder, treated as a black box.

Subcircuit pins:
Circuit 1: sky130_fd_pr__nfet_01v8         |Circuit 2: sky130_fd_pr__nfet_01v8         
-------------------------------------------|-------------------------------------------
1                                          |1                                          
2                                          |2                                          
3                                          |3                                          
4                                          |4                                          
---------------------------------------------------------------------------------------
Cell pin lists are equivalent.
Device classes sky130_fd_pr__nfet_01v8 and sky130_fd_pr__nfet_01v8 are equivalent.

Subcircuit summary:
Circuit 1: inverter                        |Circuit 2: inverter                        
-------------------------------------------|-------------------------------------------
sky130_fd_pr__pfet_01v8 (1)                |sky130_fd_pr__pfet_01v8 (1)                
sky130_fd_pr__nfet_01v8 (1)                |sky130_fd_pr__nfet_01v8 (1)                
Number of devices: 2                       |Number of devices: 2                       
Number of nets: 4                          |Number of nets: 4                          
---------------------------------------------------------------------------------------
Netlists match uniquely with property errors.
sky130_fd_pr__nfet_01v8:1 vs. sky130_fd_pr__nfet_01v8:M2:
 w circuit1: 2   circuit2: 1   (delta=66.7%, cutoff=1%)
sky130_fd_pr__pfet_01v8:0 vs. sky130_fd_pr__pfet_01v8:M11:
 w circuit1: 3   circuit2: 1   (delta=100%, cutoff=1%)

Subcircuit pins:
Circuit 1: inverter                        |Circuit 2: inverter                        
-------------------------------------------|-------------------------------------------
OUT                                        |OUT                                        
IN                                         |IN                                         
Vgnd                                       |Vgnd                                       
Vpwr                                       |Vpwr                                       
---------------------------------------------------------------------------------------
Cell pin lists are equivalent.
Device classes inverter and inverter are equivalent.

Final result: Circuits match uniquely.
Property errors were found.

The following cells had property errors:
 inverter
